{"C:\\Users\\hp14\\OneDrive\\Desktop\\nelly\\routes\\soporte.js": {"path":"C:\\Users\\hp14\\OneDrive\\Desktop\\nelly\\routes\\soporte.js","statementMap":{"0":{"start":{"line":1,"column":16},"end":{"line":1,"column":34}},"1":{"start":{"line":2,"column":15},"end":{"line":2,"column":31}},"2":{"start":{"line":3,"column":14},"end":{"line":3,"column":39}},"3":{"start":{"line":6,"column":0},"end":{"line":15,"column":3}},"4":{"start":{"line":7,"column":4},"end":{"line":14,"column":7}},"5":{"start":{"line":18,"column":0},"end":{"line":57,"column":3}},"6":{"start":{"line":20,"column":24},"end":{"line":20,"column":69}},"7":{"start":{"line":21,"column":20},"end":{"line":21,"column":44}},"8":{"start":{"line":22,"column":4},"end":{"line":22,"column":94}},"9":{"start":{"line":23,"column":4},"end":{"line":56,"column":5}},"10":{"start":{"line":24,"column":25},"end":{"line":26,"column":26}},"11":{"start":{"line":27,"column":22},"end":{"line":27,"column":36}},"12":{"start":{"line":30,"column":25},"end":{"line":30,"column":53}},"13":{"start":{"line":31,"column":8},"end":{"line":49,"column":9}},"14":{"start":{"line":32,"column":12},"end":{"line":36,"column":15}},"15":{"start":{"line":37,"column":15},"end":{"line":49,"column":9}},"16":{"start":{"line":38,"column":12},"end":{"line":43,"column":15}},"17":{"start":{"line":45,"column":12},"end":{"line":48,"column":15}},"18":{"start":{"line":51,"column":8},"end":{"line":55,"column":11}},"19":{"start":{"line":59,"column":0},"end":{"line":59,"column":24}}},"fnMap":{"0":{"name":"(anonymous_0)","decl":{"start":{"line":6,"column":31},"end":{"line":6,"column":32}},"loc":{"start":{"line":6,"column":45},"end":{"line":15,"column":1}},"line":6},"1":{"name":"(anonymous_1)","decl":{"start":{"line":18,"column":72},"end":{"line":18,"column":73}},"loc":{"start":{"line":18,"column":92},"end":{"line":57,"column":1}},"line":18}},"branchMap":{"0":{"loc":{"start":{"line":20,"column":24},"end":{"line":20,"column":69}},"type":"binary-expr","locations":[{"start":{"line":20,"column":24},"end":{"line":20,"column":44}},{"start":{"line":20,"column":48},"end":{"line":20,"column":69}}],"line":20},"1":{"loc":{"start":{"line":31,"column":8},"end":{"line":49,"column":9}},"type":"if","locations":[{"start":{"line":31,"column":8},"end":{"line":49,"column":9}},{"start":{"line":37,"column":15},"end":{"line":49,"column":9}}],"line":31},"2":{"loc":{"start":{"line":31,"column":12},"end":{"line":31,"column":41}},"type":"binary-expr","locations":[{"start":{"line":31,"column":12},"end":{"line":31,"column":17}},{"start":{"line":31,"column":21},"end":{"line":31,"column":41}}],"line":31},"3":{"loc":{"start":{"line":37,"column":15},"end":{"line":49,"column":9}},"type":"if","locations":[{"start":{"line":37,"column":15},"end":{"line":49,"column":9}},{"start":{"line":44,"column":15},"end":{"line":49,"column":9}}],"line":37}},"s":{"0":1,"1":1,"2":1,"3":1,"4":0,"5":1,"6":4,"7":4,"8":4,"9":4,"10":4,"11":4,"12":3,"13":3,"14":1,"15":2,"16":1,"17":1,"18":1,"19":1},"f":{"0":0,"1":4},"b":{"0":[4,1],"1":[1,2],"2":[3,2],"3":[1,1]},"_coverageSchema":"1a1c01bbd47fc00a2c39e90264f33305004495a9","hash":"c2100cc45c7504e8ac248aa4d91e367154e7f02b"}
}
